###############################################################
#  Generated by:      Cadence Innovus 15.23-s045_1
#  OS:                Linux x86_64(Host ID ieng6-ece-03.ucsd.edu)
#  Generated on:      Sat Mar 23 00:41:02 2024
#  Design:            fullchip
#  Command:           verifyGeometry
###############################################################

SHORT: Regular Via of Net core_instance/mac_array_instance/col_idx_1__mac_col_inst/mac_16in_instance/n1722 & Blockage of Cell core_instance/mac_array_instance/col_idx_1__mac_col_inst/mac_16in_instance/FE_RC_9658_0  ( M1 )
Bounds : ( 416.810, 403.600 ) ( 416.990, 403.700 )


SHORT: Regular Via of Net core_instance/mac_array_instance/col_idx_7__mac_col_inst/mac_16in_instance/n2748 & Blockage of Cell core_instance/mac_array_instance/col_idx_7__mac_col_inst/mac_16in_instance/FE_RC_17829_0  ( M1 )
Bounds : ( 487.450, 352.510 ) ( 487.550, 352.690 )


SHORT: Regular Via of Net core_instance/mac_array_instance/col_idx_1__mac_col_inst/mac_16in_instance/n2834 & Blockage of Cell core_instance/mac_array_instance/col_idx_1__mac_col_inst/mac_16in_instance/FE_RC_11066_0  ( M1 )
Bounds : ( 524.810, 400.000 ) ( 524.990, 400.100 )


SHORT: Regular Via of Net core_instance/mac_array_instance/col_idx_3__mac_col_inst/mac_16in_instance/n64 & Blockage of Cell core_instance/mac_array_instance/col_idx_3__mac_col_inst/mac_16in_instance/U775  ( M1 )
Bounds : ( 667.610, 555.905 ) ( 667.790, 556.005 )


SHORT: Regular Via of Net core_instance/mac_array_instance/col_idx_3__mac_col_inst/mac_16in_instance/n1651 & Blockage of Cell core_instance/mac_array_instance/col_idx_3__mac_col_inst/mac_16in_instance/FE_RC_4547_0  ( M1 )
Bounds : ( 541.450, 629.710 ) ( 541.550, 629.890 )


SHORT: Regular Via of Net core_instance/array_out[35] & Blockage of Cell core_instance/mac_array_instance/col_idx_2__mac_col_inst/mac_16in_instance/FE_RC_330_0  ( M1 )
Bounds : ( 326.450, 653.510 ) ( 326.550, 653.930 )


SHORT: Regular Via of Net core_instance/mac_array_instance/col_idx_5__mac_col_inst/mac_16in_instance/FE_RN_7423_0 & Blockage of Cell core_instance/mac_array_instance/col_idx_5__mac_col_inst/mac_16in_instance/FE_RC_13918_0  ( M1 )
Bounds : ( 560.450, 110.110 ) ( 560.550, 110.290 )


SHORT: Regular Via of Net core_instance/mac_array_instance/col_idx_5__mac_col_inst/mac_16in_instance/FE_RN_2559_0 & Blockage of Cell core_instance/mac_array_instance/col_idx_5__mac_col_inst/mac_16in_instance/FE_RC_4773_0  ( M1 )
Bounds : ( 560.250, 124.310 ) ( 560.350, 124.490 )


SHORT: Regular Via of Net core_instance/mac_array_instance/col_idx_7__mac_col_inst/mac_16in_instance/n1861 & Blockage of Cell core_instance/mac_array_instance/col_idx_7__mac_col_inst/mac_16in_instance/U1417  ( M1 )
Bounds : ( 452.650, 246.310 ) ( 452.750, 246.730 )


SHORT: Regular Via of Net core_instance/mac_array_instance/col_idx_7__mac_col_inst/mac_16in_instance/n2244 & Blockage of Cell core_instance/mac_array_instance/col_idx_7__mac_col_inst/mac_16in_instance/U267  ( M1 )
Bounds : ( 380.780, 282.820 ) ( 381.020, 282.920 )


SHORT: Regular Via of Net core_instance/mac_array_instance/col_idx_7__mac_col_inst/mac_16in_instance/n3081 & Blockage of Cell core_instance/mac_array_instance/col_idx_7__mac_col_inst/mac_16in_instance/U1438  ( M1 )
Bounds : ( 506.250, 344.070 ) ( 506.350, 344.490 )


SHORT: Regular Via of Net core_instance/ofifo_inst/col_idx_6__fifo_instance/n271 & Blockage of Cell core_instance/ofifo_inst/col_idx_6__fifo_instance/U5  ( M1 )
Bounds : ( 334.250, 230.110 ) ( 334.350, 230.530 )



Begin Summary ...
  Cells       : 0
  SameNet     : 0
  Wiring      : 0
  Antenna     : 0
  Short       : 12
  Overlap     : 0
End Summary

  Total Violations : 12 Viols.
