*----------------------------------------------------------------------------------------
*	Innovus 15.23-s045_1 (64bit) 04/22/2016 12:32 (Linux 2.6.18-194.el5)
*	
*
* 	Date & Time:	2024-Mar-23 00:42:06 (2024-Mar-23 07:42:06 GMT)
*
*----------------------------------------------------------------------------------------
*
*	Design: fullchip
*
*	Liberty Libraries used: 
*	        WC_VIEW: /home/linux/ieng6/ee260bwi24/public/PDKdata/lib/tcbn65gpluswc.lib
*
*	Power Domain used: 
*		Rail:        VDD 	Voltage:        0.9 
*
*       Power View : WC_VIEW
*
*       User-Defined Activity : N.A.
*
*       Activity File: N.A.
*
*       Hierarchical Global Activity: N.A.
*
*       Global Activity: N.A.
*
*       Sequential Element Activity: 0.200000
*
*       Primary Input Activity: 0.200000
*
*       Default icg ratio: N.A.
*
*       Global Comb ClockGate Ratio: N.A.
*
*	Power Units = 1mW
*
*	Time Units = 1e-09 secs 
*
*       report_power -outfile fullchip.post_route.power.rpt
*
-----------------------------------------------------------------------------------------


Total Power 
-----------------------------------------------------------------------------------------
Total Internal Power:      182.06021708 	   64.4544%
Total Switching Power:      96.74042824 	   34.2488%
Total Leakage Power:         3.66290973 	    1.2968%
Total Power:               282.46355486 
-----------------------------------------------------------------------------------------


Group                           Internal   Switching     Leakage       Total  Percentage 
                                Power      Power         Power         Power  (%)        
-----------------------------------------------------------------------------------------
Sequential                         99.81       6.118      0.7489       106.7       37.77 
Macro                                  0           0      0.7996      0.7996      0.2831 
IO                                     0           0   1.824e-05   1.824e-05   6.457e-06 
Combinational                      74.92          72       2.065         149       52.75 
Clock (Combinational)              7.322       18.62      0.0496       25.99       9.201 
Clock (Sequential)                     0           0           0           0           0 
-----------------------------------------------------------------------------------------
Total                              182.1       96.74       3.663       282.5         100 
-----------------------------------------------------------------------------------------


Rail                  Voltage   Internal   Switching     Leakage       Total  Percentage 
                                Power      Power         Power         Power  (%)        
-----------------------------------------------------------------------------------------
VDD                       0.9      182.1       96.74       3.663       282.5         100 


Clock                           Internal   Switching     Leakage       Total  Percentage 
                                Power      Power         Power         Power  (%)        
-----------------------------------------------------------------------------------------
clk                                7.322       18.62      0.0496       25.99       9.201 
-----------------------------------------------------------------------------------------
Total (excluding duplicates)       7.322       18.62      0.0496       25.99       9.201 
-----------------------------------------------------------------------------------------


-----------------------------------------------------------------------------------------
*	Power Distribution Summary: 
* 		Highest Average Power: core_instance/FE_OFC5654_array_out_45_ (BUFFD16): 	    0.1876 
* 		Highest Leakage Power: core_instance/mac_array_instance/col_idx_2__mac_col_inst/mac_16in_instance/U1367 (FA1D4): 	 0.0002672 
* 		Total Cap: 	4.96711e-10 F
* 		Total instances in design: 120701
* 		Total instances in design with no power:     0
*          Total instances in design with no activity:     0
* 		Total Fillers and Decap: 61155
-----------------------------------------------------------------------------------------

