
Cadence Innovus(TM) Implementation System.
Copyright 2015 Cadence Design Systems, Inc. All rights reserved worldwide.

Version:	v15.23-s045_1, built Fri Apr 22 12:32:52 PDT 2016
Options:	
Date:		Mon Mar 11 04:51:13 2024
Host:		ieng6-ece-09.ucsd.edu (x86_64 w/Linux 3.10.0-1160.105.1.el7.x86_64) (4cores*8cpus*Intel(R) Xeon(R) Gold 5220 CPU @ 2.20GHz 25344KB)
OS:		CentOS Linux release 7.9.2009 (Core)

License:
		invs	Innovus Implementation System	15.2	checkout succeeded
		8 CPU jobs allowed with the current license(s). Use setMultiCpuUsage to set your required CPU count.
**ERROR: (IMPOAX-142):	Could not open shared library libinnovusoax22.so : /acsnfs3/software/cadence-innovus152/tools/lib/64bit/libcdsSkillPcell.so: undefined symbol: _ZTIN12OpenAccess_413oaFSComponentE

**ERROR: (IMPOAX-142):	Could not open shared library libcdsSkillPcell.so : (null)

**ERROR: (IMPOAX-142):	OA features will be disabled in this session.


**INFO:  MMMC transition support version v31-84 

<CMD> set_global _enable_mmmc_by_default_flow      $CTE::mmmc_default
<CMD> suppressMessage ENCEXT-2799
<CMD> getDrawView
<CMD> loadWorkspace -name Physical
<CMD> win
<CMD> set init_pwr_net VDD
<CMD> set init_gnd_net VSS
<CMD> set init_verilog ./netlist/fullchip.out.v
<CMD> set init_design_netlisttype Verilog
<CMD> set init_design_settop 1
<CMD> set init_top_cell fullchip
<CMD> set init_lef_file /home/linux/ieng6/ee260bwi23/public/PDKdata/lef/tcbn65gplus_8lmT2.lef
<CMD> create_library_set -name WC_LIB -timing $worst_timing_lib
**ERROR: (TCLCMD-995):	Can not open file '/home/linux/ieng6/ee260bwi23/public/PDKdata/lib/tcbn65gpluswc.lib' for library set


*** Memory Usage v#1 (Current mem = 424.805M, initial mem = 152.258M) ***
*** Message Summary: 0 warning(s), 3 error(s)

--- Ending "Innovus" (totcpu=0:00:14.6, real=0:00:41.0, mem=424.8M) ---
